<?xml version="1.0" encoding="UTF-8"?>
<testng-results ignored="0" total="1" passed="1" failed="0" skipped="0">
  <reporter-output>
  </reporter-output>
  <suite started-at="2023-08-21T19:59:16 CST" name="Default suite" finished-at="2023-08-21T19:59:43 CST" duration-ms="27800">
    <groups>
    </groups>
    <test started-at="2023-08-21T19:59:16 CST" name="Default test" finished-at="2023-08-21T19:59:43 CST" duration-ms="27800">
      <class name="testcase.sanity.SignUpUserTest">
        <test-method is-config="true" signature="setUp()[pri:0, instance:testcase.sanity.SignUpUserTest@173ed316]" started-at="2023-08-21T19:59:16 CST" name="setUp" finished-at="2023-08-21T19:59:23 CST" duration-ms="7556" status="PASS">
          <reporter-output>
          </reporter-output>
        </test-method> <!-- setUp -->
        <test-method is-config="true" signature="setUpBrowser()[pri:0, instance:testcase.sanity.SignUpUserTest@173ed316]" started-at="2023-08-21T19:59:23 CST" name="setUpBrowser" finished-at="2023-08-21T19:59:34 CST" duration-ms="11038" status="PASS">
          <reporter-output>
          </reporter-output>
        </test-method> <!-- setUpBrowser -->
        <test-method signature="signUpTest()[pri:0, instance:testcase.sanity.SignUpUserTest@173ed316]" started-at="2023-08-21T19:59:34 CST" name="signUpTest" finished-at="2023-08-21T19:59:43 CST" duration-ms="9098" status="PASS">
          <reporter-output>
          </reporter-output>
        </test-method> <!-- signUpTest -->
        <test-method is-config="true" signature="tearDown()[pri:0, instance:testcase.sanity.SignUpUserTest@173ed316]" started-at="2023-08-21T19:59:43 CST" name="tearDown" finished-at="2023-08-21T19:59:43 CST" duration-ms="2" status="PASS">
          <reporter-output>
          </reporter-output>
        </test-method> <!-- tearDown -->
      </class> <!-- testcase.sanity.SignUpUserTest -->
    </test> <!-- Default test -->
  </suite> <!-- Default suite -->
</testng-results>
